01/19/2023 08:39:44 INICIANDO...
01/19/2023 08:39:44 2.9.0.1
01/19/2023 08:39:44 Usuário: gabri(Administrador)
01/19/2023 08:39:44 Versão do Sistema Operacional: 6.2.9200
01/19/2023 08:39:44 64 Bits: true
01/19/2023 08:39:44 Versão do Firefox. 108.0.2.8404 ( 108.0 )
01/19/2023 08:39:44 UAC: Ativado
01/19/2023 08:39:44 Verificando se Mozilla Firefox está instalado...
01/19/2023 08:39:44 Mozilla Firefox instalado.
01/19/2023 08:39:44 [Ativação de segurança no navegador] Verificando...
01/19/2023 08:39:44 [Ativação de segurança no navegador] Ativando Transport Layer Security (TLS)
01/19/2023 08:39:44 [Ativação de segurança no navegador] Ok.
01/19/2023 08:39:44 [Verificação de página autêntica] Verificando...
01/19/2023 08:39:44 [Verificação de página autêntica] Ok.
01/19/2023 08:39:44 [Instalação de certificados raíz] Verificando...
01/19/2023 08:39:44 [Instalação de certificados raíz] Efetuando download do instalador...
01/19/2023 08:39:46 [Instalação de certificados raíz] Ok.
01/19/2023 08:39:46 [Verificação de Segurança de aplicações] Verificando...
01/19/2023 08:39:46 [Verificação de Segurança de aplicações] Ok.
01/19/2023 08:39:46 [Limpeza do cache no Internet Explorer] Verificando...
01/19/2023 08:39:46 [Limpeza do cache no Internet Explorer] Limpando...
01/19/2023 08:39:46 [Limpeza do cache no Internet Explorer] Ok.
01/19/2023 08:39:46 [Limpeza do cache no Mozilla Firefox] Verificando...
01/19/2023 08:39:46 [Limpeza do cache no Mozilla Firefox] Ok.
01/19/2023 08:39:46 [Instalação do Warsaw] Verificando...
01/19/2023 08:39:51 [Instalação do Warsaw] Efetuando download do instalador...
01/19/2023 08:40:02 [Instalação do Warsaw] Instalando...
01/19/2023 08:41:33 [Instalação do Warsaw] Ocorreu um problema durante a instalação.
01/19/2023 08:41:59 CONCLUÍDO.
